<?xml version="1.0" encoding="UTF-8"?>
<!-- Generated by org.testng.reporters.JUnitReportReporter -->
<testsuite hostname="Z1-471" failures="0" tests="1" name="testscript.Execute_Script" time="36.069" errors="0" timestamp="2023-07-04T17:35:18 IST" skipped="0">
  <testcase classname="testscript.Execute_Script" name="login" time="36.069"/>
  <system-out/>
</testsuite> <!-- testscript.Execute_Script -->
